  source.cpp
C:\dev\Fiverr\CPP\6-5 Milestone Lighting Complex Objects\6-5 Milestone Lighting Complex Objects\source.cpp(415,22): warning C4244: 'initializing': conversion from 'double' to 'float', possible loss of data
C:\dev\Fiverr\CPP\6-5 Milestone Lighting Complex Objects\6-5 Milestone Lighting Complex Objects\source.cpp(533,12): warning C4244: '=': conversion from 'double' to 'float', possible loss of data
C:\dev\Fiverr\CPP\6-5 Milestone Lighting Complex Objects\6-5 Milestone Lighting Complex Objects\source.cpp(534,12): warning C4244: '=': conversion from 'double' to 'float', possible loss of data
C:\dev\Fiverr\CPP\6-5 Milestone Lighting Complex Objects\6-5 Milestone Lighting Complex Objects\source.cpp(538,16): warning C4244: 'initializing': conversion from 'double' to 'float', possible loss of data
C:\dev\Fiverr\CPP\6-5 Milestone Lighting Complex Objects\6-5 Milestone Lighting Complex Objects\source.cpp(539,16): warning C4244: 'initializing': conversion from 'double' to 'float', possible loss of data
C:\dev\Fiverr\CPP\6-5 Milestone Lighting Complex Objects\6-5 Milestone Lighting Complex Objects\source.cpp(541,11): warning C4244: '=': conversion from 'double' to 'float', possible loss of data
C:\dev\Fiverr\CPP\6-5 Milestone Lighting Complex Objects\6-5 Milestone Lighting Complex Objects\source.cpp(542,11): warning C4244: '=': conversion from 'double' to 'float', possible loss of data
C:\dev\Fiverr\CPP\6-5 Milestone Lighting Complex Objects\6-5 Milestone Lighting Complex Objects\source.cpp(551,29): warning C4244: 'argument': conversion from 'double' to 'float', possible loss of data
C:\dev\Fiverr\CPP\6-5 Milestone Lighting Complex Objects\6-5 Milestone Lighting Complex Objects\source.cpp(790,60): warning C4244: 'argument': conversion from 'float' to 'GLsizei', possible loss of data
shader.obj : error LNK2019: unresolved external symbol __imp___glewAttachShader referenced in function "unsigned int __cdecl LoadShaders(char const *,char const *)" (?LoadShaders@@YAIPEBD0@Z)
source.obj : error LNK2001: unresolved external symbol __imp___glewAttachShader
shader.obj : error LNK2019: unresolved external symbol __imp___glewCompileShader referenced in function "unsigned int __cdecl LoadShaders(char const *,char const *)" (?LoadShaders@@YAIPEBD0@Z)
source.obj : error LNK2001: unresolved external symbol __imp___glewCompileShader
shader.obj : error LNK2019: unresolved external symbol __imp___glewCreateProgram referenced in function "unsigned int __cdecl LoadShaders(char const *,char const *)" (?LoadShaders@@YAIPEBD0@Z)
source.obj : error LNK2001: unresolved external symbol __imp___glewCreateProgram
shader.obj : error LNK2019: unresolved external symbol __imp___glewCreateShader referenced in function "unsigned int __cdecl LoadShaders(char const *,char const *)" (?LoadShaders@@YAIPEBD0@Z)
source.obj : error LNK2001: unresolved external symbol __imp___glewCreateShader
shader.obj : error LNK2019: unresolved external symbol __imp___glewDeleteShader referenced in function "unsigned int __cdecl LoadShaders(char const *,char const *)" (?LoadShaders@@YAIPEBD0@Z)
shader.obj : error LNK2019: unresolved external symbol __imp___glewDetachShader referenced in function "unsigned int __cdecl LoadShaders(char const *,char const *)" (?LoadShaders@@YAIPEBD0@Z)
shader.obj : error LNK2019: unresolved external symbol __imp___glewGetProgramInfoLog referenced in function "unsigned int __cdecl LoadShaders(char const *,char const *)" (?LoadShaders@@YAIPEBD0@Z)
source.obj : error LNK2001: unresolved external symbol __imp___glewGetProgramInfoLog
shader.obj : error LNK2019: unresolved external symbol __imp___glewGetProgramiv referenced in function "unsigned int __cdecl LoadShaders(char const *,char const *)" (?LoadShaders@@YAIPEBD0@Z)
source.obj : error LNK2001: unresolved external symbol __imp___glewGetProgramiv
shader.obj : error LNK2019: unresolved external symbol __imp___glewGetShaderInfoLog referenced in function "unsigned int __cdecl LoadShaders(char const *,char const *)" (?LoadShaders@@YAIPEBD0@Z)
source.obj : error LNK2001: unresolved external symbol __imp___glewGetShaderInfoLog
shader.obj : error LNK2019: unresolved external symbol __imp___glewGetShaderiv referenced in function "unsigned int __cdecl LoadShaders(char const *,char const *)" (?LoadShaders@@YAIPEBD0@Z)
source.obj : error LNK2001: unresolved external symbol __imp___glewGetShaderiv
shader.obj : error LNK2019: unresolved external symbol __imp___glewLinkProgram referenced in function "unsigned int __cdecl LoadShaders(char const *,char const *)" (?LoadShaders@@YAIPEBD0@Z)
source.obj : error LNK2001: unresolved external symbol __imp___glewLinkProgram
shader.obj : error LNK2019: unresolved external symbol __imp___glewShaderSource referenced in function "unsigned int __cdecl LoadShaders(char const *,char const *)" (?LoadShaders@@YAIPEBD0@Z)
source.obj : error LNK2001: unresolved external symbol __imp___glewShaderSource
source.obj : error LNK2019: unresolved external symbol __imp_glewInit referenced in function "bool __cdecl UInitialize(int,char * * const,struct GLFWwindow * *)" (?UInitialize@@YA_NHQEAPEADPEAPEAUGLFWwindow@@@Z)
source.obj : error LNK2019: unresolved external symbol __imp_glewGetErrorString referenced in function "bool __cdecl UInitialize(int,char * * const,struct GLFWwindow * *)" (?UInitialize@@YA_NHQEAPEADPEAPEAUGLFWwindow@@@Z)
source.obj : error LNK2019: unresolved external symbol glfwInit referenced in function "bool __cdecl UInitialize(int,char * * const,struct GLFWwindow * *)" (?UInitialize@@YA_NHQEAPEADPEAPEAUGLFWwindow@@@Z)
source.obj : error LNK2019: unresolved external symbol glfwTerminate referenced in function "bool __cdecl UInitialize(int,char * * const,struct GLFWwindow * *)" (?UInitialize@@YA_NHQEAPEADPEAPEAUGLFWwindow@@@Z)
source.obj : error LNK2019: unresolved external symbol glfwWindowHint referenced in function "bool __cdecl UInitialize(int,char * * const,struct GLFWwindow * *)" (?UInitialize@@YA_NHQEAPEADPEAPEAUGLFWwindow@@@Z)
source.obj : error LNK2019: unresolved external symbol glfwCreateWindow referenced in function "bool __cdecl UInitialize(int,char * * const,struct GLFWwindow * *)" (?UInitialize@@YA_NHQEAPEADPEAPEAUGLFWwindow@@@Z)
source.obj : error LNK2019: unresolved external symbol glfwWindowShouldClose referenced in function main
source.obj : error LNK2019: unresolved external symbol glfwSetWindowShouldClose referenced in function "void __cdecl UProcessInput(struct GLFWwindow *)" (?UProcessInput@@YAXPEAUGLFWwindow@@@Z)
source.obj : error LNK2019: unresolved external symbol glfwSetFramebufferSizeCallback referenced in function "bool __cdecl UInitialize(int,char * * const,struct GLFWwindow * *)" (?UInitialize@@YA_NHQEAPEADPEAPEAUGLFWwindow@@@Z)
source.obj : error LNK2019: unresolved external symbol glfwPollEvents referenced in function main
source.obj : error LNK2019: unresolved external symbol glfwGetKey referenced in function "void __cdecl UProcessInput(struct GLFWwindow *)" (?UProcessInput@@YAXPEAUGLFWwindow@@@Z)
source.obj : error LNK2019: unresolved external symbol glfwSetMouseButtonCallback referenced in function "bool __cdecl UInitialize(int,char * * const,struct GLFWwindow * *)" (?UInitialize@@YA_NHQEAPEADPEAPEAUGLFWwindow@@@Z)
source.obj : error LNK2019: unresolved external symbol glfwSetCursorPosCallback referenced in function "bool __cdecl UInitialize(int,char * * const,struct GLFWwindow * *)" (?UInitialize@@YA_NHQEAPEADPEAPEAUGLFWwindow@@@Z)
source.obj : error LNK2019: unresolved external symbol glfwSetScrollCallback referenced in function "bool __cdecl UInitialize(int,char * * const,struct GLFWwindow * *)" (?UInitialize@@YA_NHQEAPEADPEAPEAUGLFWwindow@@@Z)
source.obj : error LNK2019: unresolved external symbol glfwGetTime referenced in function main
source.obj : error LNK2019: unresolved external symbol glfwMakeContextCurrent referenced in function "bool __cdecl UInitialize(int,char * * const,struct GLFWwindow * *)" (?UInitialize@@YA_NHQEAPEADPEAPEAUGLFWwindow@@@Z)
source.obj : error LNK2019: unresolved external symbol glfwSwapBuffers referenced in function "void __cdecl URender(void)" (?URender@@YAXXZ)
source.obj : error LNK2019: unresolved external symbol __imp___glewActiveTexture referenced in function "void __cdecl URender(void)" (?URender@@YAXXZ)
source.obj : error LNK2019: unresolved external symbol __imp___glewDeleteProgram referenced in function "void __cdecl UDestroyShaderProgram(unsigned int)" (?UDestroyShaderProgram@@YAXI@Z)
source.obj : error LNK2019: unresolved external symbol __imp___glewGetUniformLocation referenced in function "void __cdecl URender(void)" (?URender@@YAXXZ)
source.obj : error LNK2019: unresolved external symbol __imp___glewUniform1f referenced in function "void __cdecl URender(void)" (?URender@@YAXXZ)
source.obj : error LNK2019: unresolved external symbol __imp___glewUniform1i referenced in function "void __cdecl URender(void)" (?URender@@YAXXZ)
source.obj : error LNK2019: unresolved external symbol __imp___glewUniform2f referenced in function main
source.obj : error LNK2019: unresolved external symbol __imp___glewUniform3f referenced in function "void __cdecl URender(void)" (?URender@@YAXXZ)
source.obj : error LNK2019: unresolved external symbol __imp___glewUniform4f referenced in function "void __cdecl URender(void)" (?URender@@YAXXZ)
source.obj : error LNK2019: unresolved external symbol __imp___glewUniformMatrix4fv referenced in function "void __cdecl URender(void)" (?URender@@YAXXZ)
source.obj : error LNK2019: unresolved external symbol __imp___glewUseProgram referenced in function "bool __cdecl UCreateShaderProgram(char const *,char const *,unsigned int &)" (?UCreateShaderProgram@@YA_NPEBD0AEAI@Z)
source.obj : error LNK2019: unresolved external symbol __imp___glewGenerateMipmap referenced in function "bool __cdecl UCreateTexture(char const *,unsigned int &)" (?UCreateTexture@@YA_NPEBDAEAI@Z)
source.obj : error LNK2019: unresolved external symbol __imp___glewBindVertexArray referenced in function "void __cdecl URender(void)" (?URender@@YAXXZ)
meshes.obj : error LNK2001: unresolved external symbol __imp___glewBindVertexArray
source.obj : error LNK2019: unresolved external symbol __imp_glewExperimental referenced in function "bool __cdecl UInitialize(int,char * * const,struct GLFWwindow * *)" (?UInitialize@@YA_NHQEAPEADPEAPEAUGLFWwindow@@@Z)
meshes.obj : error LNK2019: unresolved external symbol __imp___glewBindBuffer referenced in function "private: void __cdecl Meshes::UCreateBoxMesh(struct Meshes::GLMesh &)" (?UCreateBoxMesh@Meshes@@AEAAXAEAUGLMesh@1@@Z)
meshes.obj : error LNK2019: unresolved external symbol __imp___glewBufferData referenced in function "private: void __cdecl Meshes::UCreateBoxMesh(struct Meshes::GLMesh &)" (?UCreateBoxMesh@Meshes@@AEAAXAEAUGLMesh@1@@Z)
meshes.obj : error LNK2019: unresolved external symbol __imp___glewDeleteBuffers referenced in function "private: void __cdecl Meshes::UDestroyMesh(struct Meshes::GLMesh &)" (?UDestroyMesh@Meshes@@AEAAXAEAUGLMesh@1@@Z)
meshes.obj : error LNK2019: unresolved external symbol __imp___glewGenBuffers referenced in function "private: void __cdecl Meshes::UCreateBoxMesh(struct Meshes::GLMesh &)" (?UCreateBoxMesh@Meshes@@AEAAXAEAUGLMesh@1@@Z)
meshes.obj : error LNK2019: unresolved external symbol __imp___glewEnableVertexAttribArray referenced in function "private: void __cdecl Meshes::UCreateBoxMesh(struct Meshes::GLMesh &)" (?UCreateBoxMesh@Meshes@@AEAAXAEAUGLMesh@1@@Z)
meshes.obj : error LNK2019: unresolved external symbol __imp___glewVertexAttribPointer referenced in function "private: void __cdecl Meshes::UCreateBoxMesh(struct Meshes::GLMesh &)" (?UCreateBoxMesh@Meshes@@AEAAXAEAUGLMesh@1@@Z)
meshes.obj : error LNK2019: unresolved external symbol __imp___glewDeleteVertexArrays referenced in function "private: void __cdecl Meshes::UDestroyMesh(struct Meshes::GLMesh &)" (?UDestroyMesh@Meshes@@AEAAXAEAUGLMesh@1@@Z)
meshes.obj : error LNK2019: unresolved external symbol __imp___glewGenVertexArrays referenced in function "private: void __cdecl Meshes::UCreateBoxMesh(struct Meshes::GLMesh &)" (?UCreateBoxMesh@Meshes@@AEAAXAEAUGLMesh@1@@Z)
C:\dev\Fiverr\CPP\6-5 Milestone Lighting Complex Objects\6-5 Milestone Lighting Complex Objects\lib\glfw\Win32\glfw3.lib : warning LNK4272: library machine type 'x86' conflicts with target machine type 'x64'
C:\dev\Fiverr\CPP\6-5 Milestone Lighting Complex Objects\6-5 Milestone Lighting Complex Objects\lib\glew\glew-2.2.0\lib\Release\Win32\glew32.lib : warning LNK4272: library machine type 'x86' conflicts with target machine type 'x64'
C:\dev\Fiverr\CPP\6-5 Milestone Lighting Complex Objects\x64\Debug\6-5 Milestone Lighting Complex Objects.exe : fatal error LNK1120: 50 unresolved externals
